<?xml version="1.0" encoding="UTF-8"?>
<!-- Generated by org.testng.reporters.JUnitReportReporter -->
<testsuite skipped="0" hostname="Wassila-PC" name="test.LoginTest" tests="1" failures="0" timestamp="2020-07-18T14:55:43 EDT" time="6.975" errors="0">
  <testcase name="validUserShouldBeAbleToLogin" time="6.975" classname="test.LoginTest"/>
  <system-out/>
</testsuite> <!-- test.LoginTest -->
