<?xml version="1.0" encoding="UTF-8"?>
<!-- Generated by org.testng.reporters.JUnitReportReporter -->
<testsuite skipped="0" hostname="Wassila-PC" name="test.AddCustomerTest" tests="1" failures="0" timestamp="2020-07-18T16:55:44 EDT" time="10.642" errors="0">
  <testcase name="ValidUserShouldBeAbleToAddCustomer" time="10.642" classname="test.AddCustomerTest"/>
  <system-out/>
</testsuite> <!-- test.AddCustomerTest -->
